dark 0
dark 1
dark 2
dark 3
dark 4
dark 5
dark 6
dark 7
dark 8
dark 9
dark 10
dark 11
dark 12
dark 13
dark 14
dark 15
dark 16
dark 17
dark 18
dark 19
dark 20
dark 21
dark 22
dark 23
dark 24
dark 25
dark 26
dark 27
dark 28
dark 29
dark 30
dark 31
dark 32
dark 33
dark 34
dark 35
dark 36
dark 37
dark 38
dark 39
dark 40
dark 41
dark 42
dark 43
dark 44
dark 45
dark 46
dark 47
dark 48
dark 49
dark 50
dark 51
dark 52
dark 53
dark 54
dark 55
dark 56
dark 57
dark 58
dark 59
dark 60
dark 61
dark 62
dark 63
dark 64
dark 65
dark 66
dark 67
dark 68
dark 69
dark 70
dark 71
dark 72
dark 73
dark 74
dark 75
dark 76
dark 77
dark 78
dark 79
dark 80
dark 81
dark 82
dark 83
dark 84
dark 85
dark 86
dark 87
dark 88
dark 89
dark 90
dark 91
dark 92
dark 93
dark 94
dark 95
dark 96
dark 97
dark 98
dark 99
dark 100
dark 101
dark 102
dark 103
dark 104
dark 105
dark 106
dark 107
dark 108
dark 109
dark 110
dark 111
dark 112
dark 113
dark 114
dark 115
dark 116
dark 117
dark 118
dark 119
dark 120
dark 121
dark 122
dark 123
dark 124
dark 125
dark 126
dark 127
dark 128
dark 129
